<?xml version="1.0" encoding="utf-8"?><testsuites name="pytest tests"><testsuite name="pytest" errors="0" failures="0" skipped="0" tests="8" time="3.349" timestamp="2026-07-05T17:05:35.482847+00:00" hostname="agent-env-b7fa5f64-ff4c-4016-bba8-080f17f1b509"><testcase classname="tests.test_billing_and_limits.TestBillingConfig" name="test_billing_config_not_configured" time="0.146" /><testcase classname="tests.test_billing_and_limits.TestAuthMeUsage" name="test_auth_me_free_limit_5" time="0.107" /><testcase classname="tests.test_billing_and_limits.TestAuthMeUsage" name="test_auth_me_pro_limit_10" time="0.106" /><testcase classname="tests.test_billing_and_limits.TestChatStream" name="test_stream_delta_and_done_and_persists" time="1.489" /><testcase classname="tests.test_billing_and_limits.TestDailyLimit" name="test_free_user_402_when_limit_reached" time="0.306" /><testcase classname="tests.test_billing_and_limits.TestDailyLimit" name="test_pro_user_still_allowed_at_5" time="0.315" /><testcase classname="tests.test_billing_and_limits.TestDailyLimit" name="test_pro_user_402_at_10" time="0.309" /><testcase classname="tests.test_billing_and_limits.TestImageModeGraceful" name="test_image_mode_returns_friendly_italian_message" time="0.423" /></testsuite></testsuites>