<?xml version="1.0" encoding="utf-8"?><testsuites name="pytest tests"><testsuite name="pytest" errors="0" failures="1" skipped="0" tests="6" time="7.309" timestamp="2026-07-01T18:28:24.081554+00:00" hostname="agent-env-b7fa5f64-ff4c-4016-bba8-080f17f1b509"><testcase classname="tests.test_chat_features.TestFolders" name="test_list_folders" time="0.160" /><testcase classname="tests.test_chat_features.TestChatPatch" name="test_rename_chat_persists" time="0.552" /><testcase classname="tests.test_chat_features.TestFolders" name="test_folder_create_rename_delete" time="0.729" /><testcase classname="tests.test_chat_features.TestChatPatch" name="test_move_chat_in_and_out_of_folder" time="1.119" /><testcase classname="tests.test_chat_features.TestRegenerate" name="test_regenerate_does_not_duplicate_assistant" time="5.785"><failure message="AssertionError: Regenerate returned identical message; expected replacement&#10;assert (None != None or '42' != '42')&#10; +  where None = &lt;built-in method get of dict object at 0xfad68d709380&gt;('message_id')&#10; +    where &lt;built-in method get of dict object at 0xfad68d709380&gt; = {'id': 'c039e71a4b37417595e534998f490e8d', 'role': 'assistant', 'type': 'text', 'content': '42', ...}.get&#10; +  and   None = &lt;built-in method get of dict object at 0xfad68d709100&gt;('message_id')&#10; +    where &lt;built-in method get of dict object at 0xfad68d709100&gt; = {'id': 'a01368e5e38e4a88859a4de85b6e729d', 'role': 'assistant', 'type': 'text', 'content': '42', ...}.get&#10; +  and   '42' = &lt;built-in method get of dict object at 0xfad68d709380&gt;('content')&#10; +    where &lt;built-in method get of dict object at 0xfad68d709380&gt; = {'id': 'c039e71a4b37417595e534998f490e8d', 'role': 'assistant', 'type': 'text', 'content': '42', ...}.get&#10; +  and   '42' = &lt;built-in method get of dict object at 0xfad68d709100&gt;('content')&#10; +    where &lt;built-in method get of dict object at 0xfad68d709100&gt; = {'id': 'a01368e5e38e4a88859a4de85b6e729d', 'role': 'assistant', 'type': 'text', 'content': '42', ...}.get">backend/tests/test_chat_features.py:166: in test_regenerate_does_not_duplicate_assistant
    assert new_asst.get("message_id") != first_asst.get("message_id") or new_asst.get("content") != first_asst.get("content"), \
E   AssertionError: Regenerate returned identical message; expected replacement
E   assert (None != None or '42' != '42')
E    +  where None = &lt;built-in method get of dict object at 0xfad68d709380&gt;('message_id')
E    +    where &lt;built-in method get of dict object at 0xfad68d709380&gt; = {'id': 'c039e71a4b37417595e534998f490e8d', 'role': 'assistant', 'type': 'text', 'content': '42', ...}.get
E    +  and   None = &lt;built-in method get of dict object at 0xfad68d709100&gt;('message_id')
E    +    where &lt;built-in method get of dict object at 0xfad68d709100&gt; = {'id': 'a01368e5e38e4a88859a4de85b6e729d', 'role': 'assistant', 'type': 'text', 'content': '42', ...}.get
E    +  and   '42' = &lt;built-in method get of dict object at 0xfad68d709380&gt;('content')
E    +    where &lt;built-in method get of dict object at 0xfad68d709380&gt; = {'id': 'c039e71a4b37417595e534998f490e8d', 'role': 'assistant', 'type': 'text', 'content': '42', ...}.get
E    +  and   '42' = &lt;built-in method get of dict object at 0xfad68d709100&gt;('content')
E    +    where &lt;built-in method get of dict object at 0xfad68d709100&gt; = {'id': 'a01368e5e38e4a88859a4de85b6e729d', 'role': 'assistant', 'type': 'text', 'content': '42', ...}.get</failure></testcase><testcase classname="tests.test_chat_features.TestChatPatch" name="test_delete_folder_ungroups_chats" time="0.660" /></testsuite></testsuites>