<?xml version="1.0" encoding="utf-8"?><testsuites name="pytest tests"><testsuite name="pytest" errors="0" failures="0" skipped="0" tests="4" time="2.111" timestamp="2026-07-01T18:38:53.287837+00:00" hostname="agent-env-b7fa5f64-ff4c-4016-bba8-080f17f1b509"><testcase classname="tests.test_google_session.TestGoogleSession" name="test_missing_header_returns_400" time="0.299" /><testcase classname="tests.test_google_session.TestLegacyGoogleAuth" name="test_legacy_bad_code_returns_401" time="0.370" /><testcase classname="tests.test_google_session.TestGoogleSession" name="test_invalid_session_returns_401" time="0.219" /><testcase classname="tests.test_google_session.TestGoogleSession" name="test_invalid_session_never_500" time="1.086" /></testsuite></testsuites>